<?xml version="1.0" encoding="UTF-8"?>
<!-- Generated by org.testng.reporters.JUnitReportReporter -->
<testsuite skipped="0" hostname="user" name="demoproject.MyProject" tests="1" failures="0" timestamp="26 Apr 2019 03:58:05 GMT" time="12.269" errors="0">
  <testcase name="tesScript" time="12.269" classname="demoproject.MyProject"/>
</testsuite> <!-- demoproject.MyProject -->
